<?xml version="1.0" encoding="UTF-8"?>
<!-- Generated by org.testng.reporters.JUnitReportReporter -->
<testsuite hostname="LAPTOP-4DLM5DS0" failures="0" tests="1" name="Entrataa.Watchdemo" time="73.569" errors="0" timestamp="2024-02-24T19:34:24 IST" skipped="0">
  <testcase classname="Entrataa.Watchdemo" name="watchvideo" time="73.569"/>
</testsuite> <!-- Entrataa.Watchdemo -->
