<?xml version="1.0" encoding="UTF-8"?>
<!-- Generated by org.testng.reporters.JUnitReportReporter -->
<testsuite hostname="LAPTOP-4DLM5DS0" failures="0" tests="1" name="Entrataa.HomePage" time="107.616" errors="0" timestamp="2024-02-25T11:58:18 IST" skipped="0">
  <testcase classname="Entrataa.HomePage" name="navigateToHomePage" time="107.616"/>
</testsuite> <!-- Entrataa.HomePage -->
