<?xml version="1.0" encoding="UTF-8"?>
<!-- Generated by org.testng.reporters.JUnitReportReporter -->
<testsuite hostname="LAPTOP-4DLM5DS0" failures="0" tests="1" name="Entrataa.propertymanagment" time="108.495" errors="0" timestamp="2024-02-25T12:48:35 IST" skipped="0">
  <testcase classname="Entrataa.propertymanagment" name="mamagment" time="108.495"/>
</testsuite> <!-- Entrataa.propertymanagment -->
