<?xml version="1.0" encoding="UTF-8"?>
<!-- Generated by org.testng.reporters.JUnitReportReporter -->
<testsuite hostname="LAPTOP-4DLM5DS0" failures="0" tests="1" name="Entrataa.HomePageNavigationTest" time="67.764" errors="0" timestamp="2024-02-23T14:05:37 IST" skipped="0">
  <testcase classname="Entrataa.HomePageNavigationTest" name="navigateToHomePage" time="67.764"/>
</testsuite> <!-- Entrataa.HomePageNavigationTest -->
